TN:
SF:src/Routes/app.routes.tsx
FN:14,AppRoutes
FN:34,(anonymous_1)
FN:49,(anonymous_2)
FN:64,(anonymous_3)
FNF:4
FNH:0
FNDA:0,AppRoutes
FNDA:0,(anonymous_1)
FNDA:0,(anonymous_2)
FNDA:0,(anonymous_3)
DA:12,0
DA:16,0
DA:18,0
DA:37,0
DA:52,0
DA:67,0
LF:6
LH:0
BRDA:25,0,0,0
BRDA:25,0,1,0
BRF:2
BRH:0
end_of_record
TN:
SF:src/Routes/auth.routes.tsx
FN:8,AuthRoutes
FNF:1
FNH:0
FNDA:0,AuthRoutes
DA:6,0
DA:9,0
LF:2
LH:0
BRF:0
BRH:0
end_of_record
TN:
SF:src/Routes/index.tsx
FN:8,Routes
FNF:1
FNH:0
FNDA:0,Routes
DA:10,0
DA:12,0
LF:2
LH:0
BRDA:14,0,0,0
BRDA:14,0,1,0
BRF:2
BRH:0
end_of_record
TN:
SF:src/components/Form/Button/index.tsx
FN:13,Button
FNF:1
FNH:1
FNDA:4,Button
DA:15,4
LF:1
LH:1
BRF:0
BRH:0
end_of_record
TN:
SF:src/components/Form/CategorySelectButton/index.tsx
FN:14,CategorySelectButton
FNF:1
FNH:1
FNDA:2,CategorySelectButton
DA:15,2
LF:1
LH:1
BRF:0
BRH:0
end_of_record
TN:
SF:src/components/Form/Input/index.tsx
FN:9,Input
FNF:1
FNH:1
FNDA:5,Input
DA:11,5
LF:1
LH:1
BRDA:9,0,0,4
BRF:1
BRH:1
end_of_record
TN:
SF:src/components/Form/InputForm/index.tsx
FN:15,InputForm
FN:21,(anonymous_1)
FNF:2
FNH:2
FNDA:4,InputForm
FNDA:4,(anonymous_1)
DA:17,4
DA:22,4
LF:2
LH:2
BRDA:30,0,0,4
BRDA:30,0,1,0
BRF:2
BRH:1
end_of_record
TN:
SF:src/components/Form/TransactionTypeButton/index.tsx
FN:17,TransactionTypeButton
FNF:1
FNH:1
FNDA:4,TransactionTypeButton
DA:12,1
DA:18,4
LF:2
LH:2
BRF:0
BRH:0
end_of_record
TN:
SF:src/components/HighlightCard/index.tsx
FN:26,HighlightCard
FNF:1
FNH:0
FNDA:0,HighlightCard
DA:20,0
DA:33,0
LF:2
LH:0
BRF:0
BRH:0
end_of_record
TN:
SF:src/components/HistoryCard/index.tsx
FN:16,HistoryCard
FNF:1
FNH:0
FNDA:0,HistoryCard
DA:17,0
LF:1
LH:0
BRF:0
BRH:0
end_of_record
TN:
SF:src/components/SignInSocialButton/index.tsx
FN:15,SignInSocialButton
FNF:1
FNH:0
FNDA:0,SignInSocialButton
DA:20,0
LF:1
LH:0
BRF:0
BRH:0
end_of_record
TN:
SF:src/components/TransactionCard/index.tsx
FN:30,TransactionCard
FN:35,(anonymous_1)
FNF:2
FNH:0
FNDA:0,TransactionCard
FNDA:0,(anonymous_1)
DA:34,0
DA:35,0
DA:39,0
LF:3
LH:0
BRDA:44,0,0,0
BRDA:44,0,1,0
BRF:2
BRH:0
end_of_record
TN:
SF:src/hooks/auth.tsx
FN:28,AuthProvider
FN:34,signInWithGoogle
FN:59,signInWithApple
FN:85,signOut
FN:90,(anonymous_4)
FN:91,loadUserStorageData
FN:118,useAuth
FNF:7
FNH:5
FNDA:7,AuthProvider
FNDA:3,signInWithGoogle
FNDA:0,signInWithApple
FNDA:0,signOut
FNDA:3,(anonymous_4)
FNDA:3,loadUserStorageData
FNDA:9,useAuth
DA:26,2
DA:29,7
DA:30,7
DA:32,7
DA:35,3
DA:36,3
DA:43,3
DA:44,1
DA:51,1
DA:52,1
DA:55,1
DA:60,0
DA:61,0
DA:68,0
DA:69,0
DA:70,0
DA:77,0
DA:78,0
DA:81,0
DA:86,0
DA:87,0
DA:90,7
DA:92,3
DA:94,3
DA:95,0
DA:96,0
DA:98,3
DA:102,3
DA:105,7
DA:119,9
DA:121,9
LF:31
LH:19
BRDA:43,0,0,1
BRDA:43,0,1,1
BRDA:68,1,0,0
BRDA:68,1,1,0
BRDA:94,2,0,0
BRDA:94,2,1,3
BRF:6
BRH:3
end_of_record
TN:
SF:src/screens/CategorySelect/index.tsx
FN:29,CategorySelect
FN:31,handleCategorySelect
FN:43,(anonymous_2)
FN:44,(anonymous_3)
FN:46,(anonymous_4)
FN:53,(anonymous_5)
FNF:6
FNH:4
FNDA:2,CategorySelect
FNDA:0,handleCategorySelect
FNDA:12,(anonymous_2)
FNDA:12,(anonymous_3)
FNDA:0,(anonymous_4)
FNDA:10,(anonymous_5)
DA:32,0
DA:35,2
DA:43,12
DA:45,12
DA:46,0
DA:53,10
LF:6
LH:4
BRF:0
BRH:0
end_of_record
TN:
SF:src/screens/Dashboard/index.tsx
FN:44,Dashboard
FN:52,getLastTransactionDate
FN:54,(anonymous_2)
FN:61,(anonymous_3)
FN:69,loadTransaction
FN:78,(anonymous_5)
FN:139,(anonymous_6)
FN:144,(anonymous_7)
FN:186,(anonymous_8)
FN:187,(anonymous_9)
FNF:10
FNH:0
FNDA:0,Dashboard
FNDA:0,getLastTransactionDate
FNDA:0,(anonymous_2)
FNDA:0,(anonymous_3)
FNDA:0,loadTransaction
FNDA:0,(anonymous_5)
FNDA:0,(anonymous_6)
FNDA:0,(anonymous_7)
FNDA:0,(anonymous_8)
FNDA:0,(anonymous_9)
DA:45,0
DA:46,0
DA:47,0
DA:49,0
DA:50,0
DA:53,0
DA:54,0
DA:56,0
DA:59,0
DA:61,0
DA:62,0
DA:64,0
DA:70,0
DA:71,0
DA:73,0
DA:75,0
DA:76,0
DA:78,0
DA:81,0
DA:82,0
DA:84,0
DA:87,0
DA:91,0
DA:97,0
DA:106,0
DA:107,0
DA:109,0
DA:110,0
DA:111,0
DA:113,0
DA:136,0
DA:139,0
DA:140,0
DA:144,0
DA:145,0
DA:149,0
DA:186,0
DA:187,0
LF:38
LH:0
BRDA:56,0,0,0
BRDA:56,0,1,0
BRDA:73,1,0,0
BRDA:73,1,1,0
BRDA:81,2,0,0
BRDA:81,2,1,0
BRDA:111,3,0,0
BRDA:111,3,1,0
BRDA:119,4,0,0
BRDA:119,4,1,0
BRDA:126,5,0,0
BRDA:126,5,1,0
BRDA:153,6,0,0
BRDA:153,6,1,0
BRF:14
BRH:0
end_of_record
TN:
SF:src/screens/Profile/index.tsx
FN:10,Profile
FN:34,(anonymous_1)
FNF:2
FNH:1
FNDA:3,Profile
FNDA:0,(anonymous_1)
DA:11,3
LF:1
LH:1
BRF:0
BRH:0
end_of_record
TN:
SF:src/screens/Register/index.tsx
FN:37,Register
FN:56,handleTransactionTypeSelect
FN:60,handleCloseSelectCategoryModal
FN:64,handleOpenSelectCategoryModal
FN:68,handleRegister
FN:140,(anonymous_5)
FN:144,(anonymous_6)
FNF:7
FNH:2
FNDA:2,Register
FNDA:0,handleTransactionTypeSelect
FNDA:0,handleCloseSelectCategoryModal
FNDA:1,handleOpenSelectCategoryModal
FNDA:0,handleRegister
FNDA:0,(anonymous_5)
FNDA:0,(anonymous_6)
DA:28,1
DA:38,2
DA:39,2
DA:41,2
DA:45,2
DA:50,2
DA:57,0
DA:61,0
DA:65,1
DA:69,0
DA:70,0
DA:71,0
DA:74,0
DA:75,0
DA:78,0
DA:87,0
DA:88,0
DA:89,0
DA:91,0
DA:96,0
DA:99,0
DA:100,0
DA:101,0
DA:106,0
DA:109,0
DA:110,0
DA:115,2
DA:140,0
DA:144,0
LF:29
LH:8
BRDA:70,0,0,0
BRDA:70,0,1,0
BRDA:74,1,0,0
BRDA:74,1,1,0
BRDA:89,2,0,0
BRDA:89,2,1,0
BRDA:130,3,0,2
BRDA:130,3,1,0
BRDA:137,4,0,2
BRDA:137,4,1,0
BRDA:141,5,0,0
BRDA:141,5,1,2
BRDA:145,6,0,0
BRDA:145,6,1,2
BRF:14
BRH:4
end_of_record
TN:
SF:src/screens/Resume/index.tsx
FN:50,Resume
FN:58,handleChangeDate
FN:69,loadData
FN:78,(anonymous_3)
FN:85,(anonymous_4)
FN:91,(anonymous_5)
FN:94,(anonymous_6)
FN:128,(anonymous_7)
FN:157,(anonymous_8)
FN:165,(anonymous_9)
FN:174,(anonymous_10)
FN:186,(anonymous_11)
FNF:12
FNH:0
FNDA:0,Resume
FNDA:0,handleChangeDate
FNDA:0,loadData
FNDA:0,(anonymous_3)
FNDA:0,(anonymous_4)
FNDA:0,(anonymous_5)
FNDA:0,(anonymous_6)
FNDA:0,(anonymous_7)
FNDA:0,(anonymous_8)
FNDA:0,(anonymous_9)
FNDA:0,(anonymous_10)
FNDA:0,(anonymous_11)
DA:51,0
DA:52,0
DA:53,0
DA:55,0
DA:56,0
DA:60,0
DA:61,0
DA:62,0
DA:64,0
DA:65,0
DA:70,0
DA:71,0
DA:72,0
DA:73,0
DA:77,0
DA:79,0
DA:84,0
DA:86,0
DA:89,0
DA:91,0
DA:92,0
DA:94,0
DA:95,0
DA:96,0
DA:100,0
DA:102,0
DA:107,0
DA:108,0
DA:110,0
DA:122,0
DA:123,0
DA:128,0
DA:129,0
DA:133,0
DA:157,0
DA:165,0
DA:174,0
DA:187,0
LF:38
LH:0
BRDA:60,0,0,0
BRDA:60,0,1,0
BRDA:73,1,0,0
BRDA:73,1,1,0
BRDA:79,2,0,0
BRDA:79,2,1,0
BRDA:79,2,2,0
BRDA:95,3,0,0
BRDA:95,3,1,0
BRDA:100,4,0,0
BRDA:100,4,1,0
BRDA:141,5,0,0
BRDA:141,5,1,0
BRF:13
BRH:0
end_of_record
TN:
SF:src/screens/SignIn/index.tsx
FN:23,SignIn
FN:29,handleSignInWithGoogle
FN:40,handleSignInWithApple
FNF:3
FNH:0
FNDA:0,SignIn
FNDA:0,handleSignInWithGoogle
FNDA:0,handleSignInWithApple
DA:24,0
DA:26,0
DA:27,0
DA:30,0
DA:31,0
DA:32,0
DA:34,0
DA:35,0
DA:36,0
DA:41,0
DA:42,0
DA:43,0
DA:45,0
DA:46,0
DA:47,0
DA:51,0
LF:16
LH:0
BRDA:80,0,0,0
BRDA:80,0,1,0
BRDA:89,1,0,0
BRDA:89,1,1,0
BRF:4
BRH:0
end_of_record
TN:
SF:src/screens/TesteChart/index.tsx
FN:14,TesteChart
FNF:1
FNH:0
FNDA:0,TesteChart
DA:16,0
DA:31,0
LF:2
LH:0
BRF:0
BRH:0
end_of_record
